<?xml version="1.0" encoding="UTF-8"?>
<!-- Generated by org.testng.reporters.JUnitReportReporter -->
<testsuite hostname="DESKTOP-8HIDPSK" failures="0" tests="1" name="inetBanking.testcases.TC_LoginTest_001" time="9.961" errors="0" timestamp="2022-07-24T16:35:59 IST" skipped="0">
  <testcase classname="inetBanking.testcases.TC_LoginTest_001" name="loginTest" time="9.961"/>
  <system-out/>
</testsuite> <!-- inetBanking.testcases.TC_LoginTest_001 -->
