<?xml version="1.0" encoding="UTF-8"?>
<!-- Generated by org.testng.reporters.JUnitReportReporter -->
<testsuite hostname="DESKTOP-8HIDPSK" failures="0" tests="1" name="inetBanking.testcases.TC_LoginTest_001" time="8.000" errors="0" timestamp="2022-07-25T08:24:34 IST" skipped="0">
  <testcase classname="inetBanking.testcases.TC_LoginTest_001" name="loginTest" time="8.000"/>
  <system-out/>
</testsuite> <!-- inetBanking.testcases.TC_LoginTest_001 -->
